{
  "RSpec": {
    "coverage": {
      "/Users/jameshughes/MakersAcademy/Projects/Week9/bank_tech_test/spec/account_spec.rb": [
        1,
        null,
        1,
        1,
        null,
        1,
        1,
        1,
        1,
        null,
        null,
        1,
        1,
        1,
        null,
        null,
        1,
        1,
        1,
        null,
        null,
        null,
        1,
        null,
        1,
        1,
        1,
        1,
        1,
        null,
        null,
        1,
        1,
        1,
        1,
        1,
        null,
        null,
        1,
        1,
        1,
        1,
        1,
        1,
        null,
        null,
        null
      ],
      "/Users/jameshughes/MakersAcademy/Projects/Week9/bank_tech_test/lib/account.rb": [
        1,
        null,
        1,
        null,
        1,
        11,
        11,
        null,
        null,
        1,
        7,
        null,
        null,
        1,
        2,
        2,
        null,
        null,
        1,
        2,
        2,
        null,
        null,
        1,
        3,
        3,
        null,
        null
      ],
      "/Users/jameshughes/MakersAcademy/Projects/Week9/bank_tech_test/spec/bank_interface_spec.rb": [
        1,
        null,
        1,
        4,
        4,
        4,
        null,
        1,
        1,
        1,
        null,
        null,
        1,
        1,
        null,
        null,
        1,
        1,
        null,
        null,
        null,
        null
      ],
      "/Users/jameshughes/MakersAcademy/Projects/Week9/bank_tech_test/lib/bank_interface.rb": [
        1,
        null,
        1,
        null,
        1,
        3,
        3,
        null,
        null,
        null
      ],
      "/Users/jameshughes/MakersAcademy/Projects/Week9/bank_tech_test/spec/statement_spec.rb": [
        1,
        null,
        1,
        1,
        null,
        1,
        1,
        1,
        1,
        null,
        null,
        null,
        1,
        1,
        1,
        1,
        1,
        1,
        1,
        null,
        null,
        null
      ],
      "/Users/jameshughes/MakersAcademy/Projects/Week9/bank_tech_test/lib/statement.rb": [
        1,
        1,
        null,
        1,
        2,
        null,
        null,
        1,
        1,
        1,
        1,
        null,
        null,
        null,
        null
      ],
      "/Users/jameshughes/MakersAcademy/Projects/Week9/bank_tech_test/spec/transaction_spec.rb": [
        1,
        null,
        1,
        1,
        null,
        1,
        1,
        1,
        1,
        null,
        null,
        null,
        1,
        1,
        1,
        1,
        1,
        4,
        null,
        null,
        1,
        1,
        1,
        1,
        4,
        null,
        null,
        1,
        1,
        1,
        1,
        1,
        1,
        null,
        null,
        1,
        1,
        1,
        1,
        1,
        1,
        null,
        null,
        null
      ],
      "/Users/jameshughes/MakersAcademy/Projects/Week9/bank_tech_test/lib/transaction.rb": [
        1,
        null,
        1,
        null,
        1,
        1,
        null,
        null,
        1,
        1,
        null,
        null
      ]
    },
    "timestamp": 1509628760
  }
}
